 
 Accion G1: CARGA PERM. CONSTR.                                               
 
    STAT    MIXED       MIXED       MIXED       MIXED       MIXED       MIXED       MIXED       MIXED   
    ELEM    AXIL_X      AXIL_Y      RASANTE     MOM_X       MOM_Y       TORSOR      Q_X         Q_Y     
     451  -113.14     -5.2604     0.99376     -90.450     -6.7197     -1.1824      94.981     -33.900    
     452  -109.94      1.2852      2.1798     -57.134     -2.3640     0.92958      94.374     -5.8623    
     453  -107.91     0.29717     0.95485     -28.105    -0.70059      2.4995      82.395     -2.1168    
     454  -105.35     0.17530     0.47670     -4.9633     0.15049      2.8606      67.409     0.83901E-01
     455  -102.43     0.43639E-01 0.27444      12.529     0.58209      2.6445      51.159      1.6094    
     456  -127.42     -9.0398     -4.9073     -91.576     -14.742    -0.56211      117.98     -13.201    
     457  -119.14     0.37420E-01 -1.0233     -55.899     -7.1820     0.26526      86.318     -8.6613    
     458  -112.48     0.73086     0.41842     -27.485     -2.7241      1.5664      67.257     -3.2233    
     459  -107.82     0.37049     0.40750     -4.7547    -0.11960      2.2298      50.938    -0.47088    
     460  -103.90     0.19157     0.30998      12.450      1.4566      2.2433      36.475      1.2082    
     461  -122.82     -9.5288     -5.6501     -91.246     -17.457    -0.10285      114.71     -2.8315    
     462  -119.37     -3.2366     -4.3060     -55.367     -10.147     0.91749E-01  91.309     -2.6986    
     463  -114.24    -0.42662     -1.8875     -26.873     -4.5182     0.51650      70.785     -2.2905    
     464  -109.30     0.56894E-01-0.66819     -4.5075    -0.65861     0.88472      53.673    -0.68875    
     465  -105.01     0.98064E-01-0.20457      12.373      1.8670      1.0276      38.522     0.44622    
     466  -118.51     -8.6371     -4.2622     -90.477     -18.000    -0.29825E-01  110.63    -0.25909    
     467  -116.23     -4.9770     -4.3155     -55.225     -10.993     0.16463      90.833    -0.12067    
     468  -113.11     -2.2875     -2.9702     -26.698     -5.3341     0.30153      71.942    -0.74701    
     469  -109.28    -0.92059     -1.6021     -4.3459     -1.0523     0.40576      54.721    -0.39627    
     470  -105.38    -0.36089    -0.77085      12.422      1.9634     0.47162      39.294     0.19548    
     471  -115.79     -7.1695     -2.6055     -89.839     -18.025    -0.24609E-01  108.69     0.25664    
     472  -113.78     -5.5400     -3.1398     -55.057     -11.134     0.12866      89.875     0.50233    
     473  -111.38     -3.5160     -2.5991     -26.663     -5.5386     0.20966      71.978    -0.11804E-01
     474  -108.46     -1.9781     -1.7208     -4.3071     -1.1831     0.22095      55.195    -0.58472E-01
     475  -105.17    -0.99644    -0.97383      12.451      2.0161     0.22243      39.767     0.13837    
     476  -114.63     -6.2304     -1.4467     -89.463     -17.962    -0.20445E-01  107.85     0.22222    
     477  -112.44     -5.5383     -1.9130     -54.924     -11.111     0.77036E-01  89.345     0.45869    
     478  -110.25     -4.0895     -1.7561     -26.646     -5.5425     0.13143      71.811     0.14477    
     479  -107.72     -2.6274     -1.2758     -4.3111     -1.1821     0.12855      55.303     0.58124E-01
     480  -104.83     -1.4810    -0.78772      12.453      2.0656     0.11420      39.971     0.11139    
     481  -114.23     -5.7838    -0.68195     -89.296     -17.922    -0.11965E-01  107.57     0.11610    
     482  -111.92     -5.4527    -0.93329     -54.853     -11.081     0.36937E-01  89.124     0.25280    
     483  -109.73     -4.2836    -0.89530     -26.634     -5.5197     0.65374E-01  71.713     0.10169    
     484  -107.33     -2.9150    -0.67983     -4.3173     -1.1604     0.63298E-01  55.311     0.49444E-01
     485  -104.61     -1.7244    -0.43542      12.449      2.0978     0.53605E-01  40.039     0.63814E-01
     486  -114.12     -5.6459     0.81679E-09 -89.242     -17.907     0.12562E-09  107.48     0.40604E-09
     487  -111.76     -5.4126     0.54529E-09 -54.829     -11.069     0.12843E-09  89.055    -0.23669E-09
     488  -109.56     -4.3401     0.66562E-09 -26.630     -5.5097     0.86961E-10  71.678    -0.16442E-09
     489  -107.20     -3.0077     0.70492E-09 -4.3197     -1.1509     0.59555E-10  55.309    -0.12511E-09
     490  -104.53     -1.8078     0.10375E-08  12.447      2.1098     0.40622E-10  40.056    -0.96316E-10
     491  -114.23     -5.7838     0.68195     -89.296     -17.922     0.11965E-01  107.57    -0.11610    
     492  -111.92     -5.4527     0.93329     -54.853     -11.081    -0.36937E-01  89.124    -0.25280    
     493  -109.73     -4.2836     0.89530     -26.634     -5.5197    -0.65374E-01  71.713    -0.10169    
     494  -107.33     -2.9150     0.67983     -4.3173     -1.1604    -0.63298E-01  55.311    -0.49444E-01
     495  -104.61     -1.7244     0.43542      12.449      2.0978    -0.53605E-01  40.039    -0.63814E-01
     496  -114.63     -6.2304      1.4467     -89.463     -17.962     0.20445E-01  107.85    -0.22222    
     497  -112.44     -5.5383      1.9130     -54.924     -11.111    -0.77036E-01  89.345    -0.45869    
     498  -110.25     -4.0895      1.7561     -26.646     -5.5425    -0.13143      71.811    -0.14477    
     499  -107.72     -2.6274      1.2758     -4.3111     -1.1821    -0.12855      55.303    -0.58124E-01
     500  -104.83     -1.4810     0.78772      12.453      2.0656    -0.11420      39.971    -0.11139    
     501  -115.79     -7.1695      2.6055     -89.839     -18.025     0.24609E-01  108.69    -0.25664    
     502  -113.78     -5.5400      3.1398     -55.057     -11.134    -0.12866      89.875    -0.50233    
     503  -111.38     -3.5160      2.5991     -26.663     -5.5386    -0.20966      71.978     0.11804E-01
     504  -108.46     -1.9781      1.7208     -4.3071     -1.1831    -0.22095      55.195     0.58472E-01
     505  -105.17    -0.99644     0.97383      12.451      2.0161    -0.22243      39.767    -0.13837    
     506  -118.51     -8.6371      4.2622     -90.477     -18.000     0.29825E-01  110.63     0.25909    
     507  -116.23     -4.9770      4.3155     -55.225     -10.993    -0.16463      90.833     0.12067    
     508  -113.11     -2.2875      2.9702     -26.698     -5.3341    -0.30153      71.942     0.74701    
     509  -109.28    -0.92059      1.6021     -4.3459     -1.0523    -0.40576      54.721     0.39627    
     510  -105.38    -0.36089     0.77085      12.422      1.9634    -0.47162      39.294    -0.19548    
     511  -122.82     -9.5288      5.6501     -91.246     -17.457     0.10285      114.71      2.8315    
     512  -119.37     -3.2366      4.3060     -55.367     -10.147    -0.91749E-01  91.309      2.6986    
     513  -114.24    -0.42662      1.8875     -26.873     -4.5182    -0.51650      70.785      2.2905    
     514  -109.30     0.56894E-01 0.66819     -4.5075    -0.65861    -0.88472      53.673     0.68875    
     515  -105.01     0.98064E-01 0.20457      12.373      1.8670     -1.0276      38.522    -0.44622    
     516  -127.42     -9.0398      4.9073     -91.576     -14.742     0.56211      117.98      13.201    
     517  -119.14     0.37420E-01  1.0233     -55.899     -7.1820    -0.26526      86.318      8.6613    
     518  -112.48     0.73086    -0.41842     -27.485     -2.7241     -1.5664      67.257      3.2233    
     519  -107.82     0.37049    -0.40750     -4.7547    -0.11960     -2.2298      50.938     0.47088    
     520  -103.90     0.19157    -0.30998      12.450      1.4566     -2.2433      36.475     -1.2082    
     521  -113.14     -5.2604    -0.99376     -90.450     -6.7197      1.1824      94.981      33.900    
     522  -109.94      1.2852     -2.1798     -57.134     -2.3640    -0.92958      94.374      5.8623    
     523  -107.91     0.29717    -0.95485     -28.105    -0.70059     -2.4995      82.395      2.1168    
     524  -105.35     0.17530    -0.47670     -4.9633     0.15049     -2.8606      67.409    -0.83901E-01
     525  -102.43     0.43639E-01-0.27444      12.529     0.58209     -2.6445      51.159     -1.6094    
 
 Accion Q1a: COMPACT. POS-1 CONSTR.                                          
 
    STAT    MIXED       MIXED       MIXED       MIXED       MIXED       MIXED       MIXED       MIXED   
    ELEM    AXIL_X      AXIL_Y      RASANTE     MOM_X       MOM_Y       TORSOR      Q_X         Q_Y     
     451   3.0283     0.38425      1.1531     -3.4849    -0.28743     0.12190      5.7432    -0.65652    
     452   1.9301     0.18909     0.62602     -1.7147    -0.10905     0.29269      5.9439    -0.32373    
     453   1.1928     0.98482E-01 0.34888    -0.51577E-01-0.35509E-01 0.35444      5.8824    -0.10225    
     454  0.72761     0.47001E-01 0.21155      1.4989     0.11138E-01 0.36706      5.5491     0.18272E-01
     455  0.42469     0.29717E-01 0.13924      2.9002     0.38293E-01 0.34667      5.0028     0.12364    
     456 -0.15282     0.22574     0.75748     -3.4691    -0.61776     0.18620      5.3084     0.30818    
     457  0.40862     0.54621     0.90127     -1.6809    -0.31436     0.30768      4.4989    -0.34234    
     458  0.48917     0.31876     0.67493    -0.31234E-01-0.11369     0.35475      4.0493    -0.12295    
     459  0.40243     0.19356     0.47015      1.4972     0.21983E-01 0.36938      3.6449     0.18637E-01
     460  0.28840     0.12027     0.33081      2.8802     0.12642     0.34694      3.2151     0.12771    
     461 -0.77083     0.31090E-01 0.30790     -3.4254    -0.72311     0.15238      5.1207     0.59170    
     462 -0.45796     0.48338     0.46895     -1.6571    -0.41768     0.22803      4.7257    -0.88856E-01
     463 -0.13469     0.46891     0.54604    -0.16020E-01-0.16737     0.23440      4.2772    -0.54100E-01
     464  0.21080E-01 0.33392     0.47246      1.4920     0.35486E-01 0.23389      3.8556     0.19845E-01
     465  0.74166E-01 0.23513     0.37373      2.8531     0.20082     0.21679      3.4069     0.88934E-01
     466 -0.74956     0.13817E-01 0.10995     -3.3878    -0.73067     0.11325      4.9520     0.49818    
     467 -0.59732     0.32861     0.18283     -1.6527    -0.43332     0.16857      4.6940     0.98868E-02
     468 -0.40544     0.42806     0.29703    -0.17956E-01-0.17434     0.16491      4.3230     0.83494E-02
     469 -0.22616     0.38759     0.33636      1.4832     0.55769E-01 0.15564      3.9129     0.30010E-01
     470 -0.10716     0.31299     0.30795      2.8347     0.25486     0.13919      3.4598     0.67862E-01
     471 -0.58772     0.44521E-01 0.34279E-01 -3.3614    -0.72294     0.74625E-01  4.8857     0.34377    
     472 -0.53420     0.22902     0.54668E-01 -1.6476    -0.42466     0.11169      4.6585     0.29210E-01
     473 -0.44120     0.34237     0.13309    -0.23708E-01-0.16085     0.10813      4.3294     0.28302E-01
     474 -0.32478     0.36798     0.19018      1.4729     0.80390E-01 0.98993E-01  3.9424     0.32876E-01
     475 -0.21352     0.34359     0.20288      2.8202     0.29607     0.85453E-01  3.4944     0.49876E-01
     476 -0.47214     0.83417E-01 0.12077E-01 -3.3465    -0.71501     0.44714E-01  4.8624     0.20906    
     477 -0.45531     0.18268     0.13054E-01 -1.6436    -0.41510     0.67109E-01  4.6414     0.23769E-01
     478 -0.41491     0.28398     0.56757E-01-0.27285E-01-0.14778     0.64949E-01  4.3272     0.24178E-01
     479 -0.34343     0.33696     0.98561E-01  1.4657     0.98685E-01 0.58814E-01  3.9531     0.25155E-01
     480 -0.25719     0.34635     0.11695      2.8110     0.32153     0.49764E-01  3.5110     0.32894E-01
     481 -0.41916     0.10013     0.47210E-02 -3.3401    -0.71145     0.21909E-01  4.8561     0.10325    
     482 -0.41211     0.16798     0.31595E-02 -1.6415    -0.41008     0.32929E-01  4.6355     0.12771E-01
     483 -0.39107     0.25703     0.22866E-01-0.28777E-01-0.14066     0.31906E-01  4.3262     0.13280E-01
     484 -0.34113     0.31850     0.44369E-01  1.4623     0.10809     0.28803E-01  3.9568     0.13555E-01
     485 -0.27006     0.34294     0.55607E-01  2.8066     0.33372     0.24191E-01  3.5178     0.16922E-01
     486 -0.40150     0.10772    -0.10150E-08 -3.3380    -0.71021    -0.84698E-10  4.8543    -0.31456E-09
     487 -0.39768     0.16323    -0.75495E-09 -1.6407    -0.40834    -0.10311E-09  4.6338     0.17788E-09
     488 -0.38212     0.24842    -0.50526E-09-0.29252E-01-0.13819    -0.69679E-10  4.3257     0.12625E-09
     489 -0.33911     0.31191    -0.52223E-09  1.4611     0.11133    -0.46781E-10  3.9578     0.91795E-10
     490 -0.27346     0.34128    -0.10344E-08  2.8052     0.33784    -0.37292E-10  3.5197     0.69425E-10
     491 -0.41916     0.10013    -0.47210E-02 -3.3401    -0.71145    -0.21909E-01  4.8561    -0.10325    
     492 -0.41211     0.16798    -0.31595E-02 -1.6415    -0.41008    -0.32929E-01  4.6355    -0.12771E-01
     493 -0.39107     0.25703    -0.22866E-01-0.28777E-01-0.14066    -0.31906E-01  4.3262    -0.13280E-01
     494 -0.34113     0.31850    -0.44369E-01  1.4623     0.10809    -0.28803E-01  3.9568    -0.13555E-01
     495 -0.27006     0.34294    -0.55607E-01  2.8066     0.33372    -0.24191E-01  3.5178    -0.16922E-01
     496 -0.47214     0.83417E-01-0.12077E-01 -3.3465    -0.71501    -0.44714E-01  4.8624    -0.20906    
     497 -0.45531     0.18268    -0.13054E-01 -1.6436    -0.41510    -0.67109E-01  4.6414    -0.23769E-01
     498 -0.41491     0.28398    -0.56757E-01-0.27285E-01-0.14778    -0.64949E-01  4.3272    -0.24178E-01
     499 -0.34343     0.33696    -0.98561E-01  1.4657     0.98685E-01-0.58814E-01  3.9531    -0.25155E-01
     500 -0.25719     0.34635    -0.11695      2.8110     0.32153    -0.49764E-01  3.5110    -0.32894E-01
     501 -0.58772     0.44521E-01-0.34279E-01 -3.3614    -0.72294    -0.74625E-01  4.8857    -0.34377    
     502 -0.53420     0.22902    -0.54668E-01 -1.6476    -0.42466    -0.11169      4.6585    -0.29210E-01
     503 -0.44120     0.34237    -0.13309    -0.23708E-01-0.16085    -0.10813      4.3294    -0.28302E-01
     504 -0.32478     0.36798    -0.19018      1.4729     0.80390E-01-0.98993E-01  3.9424    -0.32876E-01
     505 -0.21352     0.34359    -0.20288      2.8202     0.29607    -0.85453E-01  3.4944    -0.49876E-01
     506 -0.74956     0.13817E-01-0.10995     -3.3878    -0.73067    -0.11325      4.9520    -0.49818    
     507 -0.59732     0.32861    -0.18283     -1.6527    -0.43332    -0.16857      4.6940    -0.98868E-02
     508 -0.40544     0.42806    -0.29703    -0.17956E-01-0.17434    -0.16491      4.3230    -0.83494E-02
     509 -0.22616     0.38759    -0.33636      1.4832     0.55769E-01-0.15564      3.9129    -0.30010E-01
     510 -0.10716     0.31299    -0.30795      2.8347     0.25486    -0.13919      3.4598    -0.67862E-01
     511 -0.77083     0.31090E-01-0.30790     -3.4254    -0.72311    -0.15238      5.1207    -0.59170    
     512 -0.45796     0.48338    -0.46895     -1.6571    -0.41768    -0.22803      4.7257     0.88856E-01
     513 -0.13469     0.46891    -0.54604    -0.16020E-01-0.16737    -0.23440      4.2772     0.54100E-01
     514  0.21080E-01 0.33392    -0.47246      1.4920     0.35486E-01-0.23389      3.8556    -0.19845E-01
     515  0.74166E-01 0.23513    -0.37373      2.8531     0.20082    -0.21679      3.4069    -0.88934E-01
     516 -0.15282     0.22574    -0.75748     -3.4691    -0.61776    -0.18620      5.3084    -0.30818    
     517  0.40862     0.54621    -0.90127     -1.6809    -0.31436    -0.30768      4.4989     0.34234    
     518  0.48917     0.31876    -0.67493    -0.31234E-01-0.11369    -0.35475      4.0493     0.12295    
     519  0.40243     0.19356    -0.47015      1.4972     0.21983E-01-0.36938      3.6449    -0.18637E-01
     520  0.28840     0.12027    -0.33081      2.8802     0.12642    -0.34694      3.2151    -0.12771    
     521   3.0283     0.38425     -1.1531     -3.4849    -0.28743    -0.12190      5.7432     0.65652    
     522   1.9301     0.18909    -0.62602     -1.7147    -0.10905    -0.29269      5.9439     0.32373    
     523   1.1928     0.98482E-01-0.34888    -0.51577E-01-0.35509E-01-0.35444      5.8824     0.10225    
     524  0.72761     0.47001E-01-0.21155      1.4989     0.11138E-01-0.36706      5.5491    -0.18272E-01
     525  0.42469     0.29717E-01-0.13924      2.9002     0.38293E-01-0.34667      5.0028    -0.12364    
 
 Accion Q1b: COMPACT. POS-2 CONSTR.                                          
 
    STAT    MIXED       MIXED       MIXED       MIXED       MIXED       MIXED       MIXED       MIXED   
    ELEM    AXIL_X      AXIL_Y      RASANTE     MOM_X       MOM_Y       TORSOR      Q_X         Q_Y     
     451  -7.6424    -0.57973    -0.78792     -1.3375    -0.69349E-01-0.12927     -1.1579    -0.92094    
     452  -6.8787    -0.73119E-01-0.32089     -1.4871    -0.43777E-01-0.15013    -0.73078    -0.57176E-01
     453  -6.4427    -0.49946E-01-0.18572     -1.5553    -0.30404E-01-0.10904    -0.61870    -0.79682E-01
     454  -6.1600    -0.16095E-01-0.12896     -1.6275    -0.26246E-01-0.82527E-01-0.51825    -0.71159E-01
     455  -5.9457    -0.72485E-02-0.10474     -1.7002    -0.23411E-01-0.59050E-01-0.42877    -0.64140E-01
     456  -6.2295    -0.69483    -0.77894     -1.3886    -0.17678    -0.13461     0.90326E-01-0.70033    
     457  -6.3835    -0.39837    -0.68015     -1.4529    -0.12662    -0.16944    -0.98012E-01-0.15169    
     458  -6.2596    -0.16839    -0.45159     -1.5357    -0.10000    -0.13412    -0.11176    -0.99760E-01
     459  -6.1106    -0.81038E-01-0.33849     -1.6097    -0.85357E-01-0.10031    -0.13364    -0.87943E-01
     460  -5.9672    -0.23782E-01-0.28757     -1.6831    -0.78549E-01-0.69831E-01-0.15036    -0.83090E-01
     461  -5.6800    -0.60047    -0.51654     -1.3957    -0.22255    -0.89339E-01 0.47594E-01-0.44628    
     462  -5.8743    -0.51608    -0.55955     -1.4378    -0.19410    -0.11872    -0.76675E-01-0.58170E-01
     463  -5.9932    -0.31155    -0.50342     -1.5105    -0.16262    -0.98418E-01-0.12920    -0.78913E-01
     464  -6.0009    -0.15227    -0.42637     -1.5860    -0.14437    -0.75530E-01-0.14959    -0.70201E-01
     465  -5.9661    -0.45018E-01-0.38711     -1.6598    -0.13532    -0.51285E-01-0.16433    -0.69150E-01
     466  -5.5337    -0.55338    -0.32825     -1.3778    -0.24209    -0.61825E-01-0.36813E-01-0.27669    
     467  -5.6847    -0.49141    -0.38156     -1.4283    -0.22533    -0.79420E-01-0.94142E-01-0.80537E-02
     468  -5.8202    -0.35226    -0.40385     -1.4969    -0.20291    -0.66612E-01-0.12452    -0.44030E-01
     469  -5.9151    -0.19264    -0.39771     -1.5690    -0.18788    -0.52078E-01-0.14857    -0.50980E-01
     470  -5.9686    -0.51217E-01-0.38869     -1.6419    -0.18075    -0.34756E-01-0.16555    -0.53944E-01
     471  -5.5316    -0.50484    -0.19611     -1.3593    -0.24831    -0.39591E-01-0.94292E-01-0.16668    
     472  -5.6439    -0.44639    -0.23944     -1.4195    -0.23963    -0.49593E-01-0.12405     0.78601E-02
     473  -5.7648    -0.33328    -0.27514     -1.4883    -0.22572    -0.40751E-01-0.13603    -0.20737E-01
     474  -5.8812    -0.19053    -0.29862     -1.5582    -0.21680    -0.31822E-01-0.15280    -0.31296E-01
     475  -5.9866    -0.40263E-01-0.31259     -1.6291    -0.21378    -0.20671E-01-0.16932    -0.37131E-01
     476  -5.5596    -0.48456    -0.11302     -1.3475    -0.25040    -0.23449E-01-0.12505    -0.96076E-01
     477  -5.6507    -0.41088    -0.13993     -1.4132    -0.24583    -0.28926E-01-0.14308     0.85277E-02
     478  -5.7596    -0.30788    -0.16817     -1.4833    -0.23680    -0.23291E-01-0.14701    -0.96221E-02
     479  -5.8805    -0.17433    -0.19180     -1.5524    -0.23224    -0.17927E-01-0.15842    -0.17631E-01
     480  -6.0080    -0.24002E-01-0.20883     -1.6218    -0.23270    -0.11276E-01-0.17313    -0.22702E-01
     481  -5.5777    -0.47254    -0.54876E-01 -1.3420    -0.25079    -0.11450E-01-0.13784    -0.46604E-01
     482  -5.6621    -0.39453    -0.68307E-01 -1.4101    -0.24811    -0.14024E-01-0.15214     0.49107E-02
     483  -5.7650    -0.29229    -0.83144E-01 -1.4809    -0.24138    -0.11180E-01-0.15312    -0.41113E-02
     484  -5.8863    -0.16270    -0.96926E-01 -1.5498    -0.23890    -0.85069E-02-0.16223    -0.83999E-02
     485  -6.0221    -0.13064E-01-0.10733     -1.6186    -0.24123    -0.52303E-02-0.17581    -0.11219E-01
     486  -5.5844    -0.47039     0.44955E-10 -1.3401    -0.25090     0.93235E-11-0.14182     0.95765E-11
     487  -5.6663    -0.38852     0.97053E-11 -1.4090    -0.24882     0.54630E-12-0.15509    -0.50858E-11
     488  -5.7678    -0.28690     0.25909E-10 -1.4801    -0.24285     0.39902E-11-0.15509    -0.16018E-11
     489  -5.8890    -0.15826     0.32475E-11 -1.5489    -0.24108     0.11487E-10-0.16346    -0.35327E-11
     490  -6.0274    -0.89993E-02 0.15242E-10 -1.6176    -0.24406     0.62577E-11-0.17668     0.20868E-11
     491  -5.5777    -0.47254     0.54876E-01 -1.3420    -0.25079     0.11450E-01-0.13784     0.46604E-01
     492  -5.6621    -0.39453     0.68307E-01 -1.4101    -0.24811     0.14024E-01-0.15214    -0.49107E-02
     493  -5.7650    -0.29229     0.83144E-01 -1.4809    -0.24138     0.11180E-01-0.15312     0.41113E-02
     494  -5.8863    -0.16270     0.96926E-01 -1.5498    -0.23890     0.85069E-02-0.16223     0.83999E-02
     495  -6.0221    -0.13064E-01 0.10733     -1.6186    -0.24123     0.52303E-02-0.17581     0.11219E-01
     496  -5.5596    -0.48456     0.11302     -1.3475    -0.25040     0.23449E-01-0.12505     0.96076E-01
     497  -5.6507    -0.41088     0.13993     -1.4132    -0.24583     0.28926E-01-0.14308    -0.85277E-02
     498  -5.7596    -0.30788     0.16817     -1.4833    -0.23680     0.23291E-01-0.14701     0.96221E-02
     499  -5.8805    -0.17433     0.19180     -1.5524    -0.23224     0.17927E-01-0.15842     0.17631E-01
     500  -6.0080    -0.24002E-01 0.20883     -1.6218    -0.23270     0.11276E-01-0.17313     0.22702E-01
     501  -5.5316    -0.50484     0.19611     -1.3593    -0.24831     0.39591E-01-0.94292E-01 0.16668    
     502  -5.6439    -0.44639     0.23944     -1.4195    -0.23963     0.49593E-01-0.12405    -0.78601E-02
     503  -5.7648    -0.33328     0.27514     -1.4883    -0.22572     0.40751E-01-0.13603     0.20737E-01
     504  -5.8812    -0.19053     0.29862     -1.5582    -0.21680     0.31822E-01-0.15280     0.31296E-01
     505  -5.9866    -0.40263E-01 0.31259     -1.6291    -0.21378     0.20671E-01-0.16932     0.37131E-01
     506  -5.5337    -0.55338     0.32825     -1.3778    -0.24209     0.61825E-01-0.36813E-01 0.27669    
     507  -5.6847    -0.49141     0.38156     -1.4283    -0.22533     0.79420E-01-0.94142E-01 0.80537E-02
     508  -5.8202    -0.35226     0.40385     -1.4969    -0.20291     0.66612E-01-0.12452     0.44030E-01
     509  -5.9151    -0.19264     0.39771     -1.5690    -0.18788     0.52078E-01-0.14857     0.50980E-01
     510  -5.9686    -0.51217E-01 0.38869     -1.6419    -0.18075     0.34756E-01-0.16555     0.53944E-01
     511  -5.6800    -0.60047     0.51654     -1.3957    -0.22255     0.89339E-01 0.47594E-01 0.44628    
     512  -5.8743    -0.51608     0.55955     -1.4378    -0.19410     0.11872    -0.76675E-01 0.58170E-01
     513  -5.9932    -0.31155     0.50342     -1.5105    -0.16262     0.98418E-01-0.12920     0.78913E-01
     514  -6.0009    -0.15227     0.42637     -1.5860    -0.14437     0.75530E-01-0.14959     0.70201E-01
     515  -5.9661    -0.45018E-01 0.38711     -1.6598    -0.13532     0.51285E-01-0.16433     0.69150E-01
     516  -6.2295    -0.69483     0.77894     -1.3886    -0.17678     0.13461     0.90326E-01 0.70033    
     517  -6.3835    -0.39837     0.68015     -1.4529    -0.12662     0.16944    -0.98012E-01 0.15169    
     518  -6.2596    -0.16839     0.45159     -1.5357    -0.10000     0.13412    -0.11176     0.99760E-01
     519  -6.1106    -0.81038E-01 0.33849     -1.6097    -0.85357E-01 0.10031    -0.13364     0.87943E-01
     520  -5.9672    -0.23782E-01 0.28757     -1.6831    -0.78549E-01 0.69831E-01-0.15036     0.83090E-01
     521  -7.6424    -0.57973     0.78792     -1.3375    -0.69349E-01 0.12927     -1.1579     0.92094    
     522  -6.8787    -0.73119E-01 0.32089     -1.4871    -0.43777E-01 0.15013    -0.73078     0.57176E-01
     523  -6.4427    -0.49946E-01 0.18572     -1.5553    -0.30404E-01 0.10904    -0.61870     0.79682E-01
     524  -6.1600    -0.16095E-01 0.12896     -1.6275    -0.26246E-01 0.82527E-01-0.51825     0.71159E-01
     525  -5.9457    -0.72485E-02 0.10474     -1.7002    -0.23411E-01 0.59050E-01-0.42877     0.64140E-01
